<?xml version="1.0" encoding="UTF-8"?>
<!-- Generated by org.testng.reporters.JUnitReportReporter -->
<testsuite hostname="DESKTOP-1UIQG5E" failures="0" tests="1" name="QA.Appium.AppiumBasics" time="10.812" errors="0" timestamp="2023-08-18T17:01:26 IST" skipped="0">
  <testcase classname="QA.Appium.AppiumBasics" name="wifisetting" time="10.812"/>
  <system-out/>
</testsuite> <!-- QA.Appium.AppiumBasics -->
