<?xml version="1.0" encoding="UTF-8"?>
<!-- Generated by org.testng.reporters.JUnitReportReporter -->
<testsuite hostname="DESKTOP-1UIQG5E" failures="0" tests="1" name="QA.Appium.SwipeDemo" time="7.056" errors="0" timestamp="2022-12-18T20:30:58 IST" skipped="0">
  <testcase classname="QA.Appium.SwipeDemo" name="swipeDemoTest" time="7.056"/>
  <system-out/>
</testsuite> <!-- QA.Appium.SwipeDemo -->
