<?xml version="1.0" encoding="UTF-8"?>
<!-- Generated by org.testng.reporters.JUnitReportReporter -->
<testsuite hostname="DESKTOP-1UIQG5E" failures="0" tests="1" name="QA.Appium.MiscellanousAppiumActions" time="14.918" errors="0" timestamp="2022-12-18T20:32:49 IST" skipped="0">
  <testcase classname="QA.Appium.MiscellanousAppiumActions" name="miscellanous" time="14.918"/>
  <system-out/>
</testsuite> <!-- QA.Appium.MiscellanousAppiumActions -->
