<?xml version="1.0" encoding="UTF-8"?>
<!-- Generated by org.testng.reporters.JUnitReportReporter -->
<testsuite hostname="DESKTOP-1UIQG5E" failures="0" tests="1" name="QA.Appium.eCommerce_tc_1" time="13.936" errors="0" timestamp="2022-12-19T12:16:03 IST" skipped="0">
  <testcase classname="QA.Appium.eCommerce_tc_1" name="fillForm" time="13.936"/>
  <system-out/>
</testsuite> <!-- QA.Appium.eCommerce_tc_1 -->
