<?xml version="1.0" encoding="UTF-8"?>
<!-- Generated by org.testng.reporters.JUnitReportReporter -->
<testsuite hostname="DESKTOP-1UIQG5E" failures="0" tests="1" name="QA.Appium.eCommerce_tc_3" time="28.009" errors="0" timestamp="2022-12-19T13:45:33 IST" skipped="0">
  <testcase classname="QA.Appium.eCommerce_tc_3" name="fillForm" time="28.009"/>
  <system-out/>
</testsuite> <!-- QA.Appium.eCommerce_tc_3 -->
