<?xml version="1.0" encoding="UTF-8"?>
<!-- Generated by org.testng.reporters.JUnitReportReporter -->
<testsuite hostname="DESKTOP-1UIQG5E" failures="0" tests="1" name="QA.Appium.eCommerce_tc_Hybrid" time="32.625" errors="1" timestamp="2022-12-19T14:15:32 IST" skipped="0">
  <testcase classname="QA.Appium.eCommerce_tc_Hybrid" name="fillForm" time="32.625">
    <error message="An unknown server-side error occurred while processing the command. Original error: Can&#039;t stop process; it&#039;s not currently running (cmd: &#039;&#039;C:\\Users\\Sagar Paulkar\\Downloads\\chromedriver_win32 (2)&#039; --port\=8000 --adb-port\=5037 --verbose&#039;)
Build info: version: &#039;4.6.0&#039;, revision: &#039;79f1c02ae20&#039;
System info: os.name: &#039;Windows 10&#039;, os.arch: &#039;amd64&#039;, os.version: &#039;10.0&#039;, java.version: &#039;15.0.1&#039;
Driver info: io.appium.java_client.android.AndroidDriver
Command: [25589983-a649-49f1-a0af-ddb72169b98d, switchToContext {name=WEBVIEW_com.androidsample.generalstore}]
Capabilities {appium:app: C:\Users\Sagar Paulkar\Docu..., appium:appPackage: com.androidsample.generalstore, appium:automationName: UIAutomator2, appium:chromedriverExecutable: C:\Users\Sagar Paulkar\Down..., appium:databaseEnabled: false, appium:desired: {app: C:\Users\Sagar Paulkar\Docu..., automationName: UIAutomator2, chromedriverExecutable: C:\Users\Sagar Paulkar\Down..., deviceName: Sagaremulator, platformName: android}, appium:deviceApiLevel: 22, appium:deviceManufacturer: unknown, appium:deviceModel: Android SDK built for x86, appium:deviceName: emulator-5554, appium:deviceScreenDensity: 320, appium:deviceScreenSize: 768x1280, appium:deviceUDID: emulator-5554, appium:javascriptEnabled: true, appium:locationContextEnabled: false, appium:networkConnectionEnabled: true, appium:pixelRatio: 2, appium:platformVersion: 5.1.1, appium:statBarHeight: 50, appium:takesScreenshot: true, appium:viewportRect: {height: 1134, left: 0, top: 50, width: 768}, appium:warnings: {}, appium:webStorageEnabled: false, platformName: ANDROID}
Session ID: 25589983-a649-49f1-a0af-ddb72169b98d" type="io.appium.java_client.NoSuchContextException">
      <![CDATA[io.appium.java_client.NoSuchContextException: An unknown server-side error occurred while processing the command. Original error: Can't stop process; it's not currently running (cmd: ''C:\\Users\\Sagar Paulkar\\Downloads\\chromedriver_win32 (2)' --port\=8000 --adb-port\=5037 --verbose')
Build info: version: '4.6.0', revision: '79f1c02ae20'
System info: os.name: 'Windows 10', os.arch: 'amd64', os.version: '10.0', java.version: '15.0.1'
Driver info: io.appium.java_client.android.AndroidDriver
Command: [25589983-a649-49f1-a0af-ddb72169b98d, switchToContext {name=WEBVIEW_com.androidsample.generalstore}]
Capabilities {appium:app: C:\Users\Sagar Paulkar\Docu..., appium:appPackage: com.androidsample.generalstore, appium:automationName: UIAutomator2, appium:chromedriverExecutable: C:\Users\Sagar Paulkar\Down..., appium:databaseEnabled: false, appium:desired: {app: C:\Users\Sagar Paulkar\Docu..., automationName: UIAutomator2, chromedriverExecutable: C:\Users\Sagar Paulkar\Down..., deviceName: Sagaremulator, platformName: android}, appium:deviceApiLevel: 22, appium:deviceManufacturer: unknown, appium:deviceModel: Android SDK built for x86, appium:deviceName: emulator-5554, appium:deviceScreenDensity: 320, appium:deviceScreenSize: 768x1280, appium:deviceUDID: emulator-5554, appium:javascriptEnabled: true, appium:locationContextEnabled: false, appium:networkConnectionEnabled: true, appium:pixelRatio: 2, appium:platformVersion: 5.1.1, appium:statBarHeight: 50, appium:takesScreenshot: true, appium:viewportRect: {height: 1134, left: 0, top: 50, width: 768}, appium:warnings: {}, appium:webStorageEnabled: false, platformName: ANDROID}
Session ID: 25589983-a649-49f1-a0af-ddb72169b98d
at io.appium.java_client.remote.SupportsContextSwitching.context(SupportsContextSwitching.java:48)
at QA.Appium.eCommerce_tc_Hybrid.fillForm(eCommerce_tc_Hybrid.java:72)
at java.base/jdk.internal.reflect.NativeMethodAccessorImpl.invoke0(Native Method)
at java.base/jdk.internal.reflect.NativeMethodAccessorImpl.invoke(NativeMethodAccessorImpl.java:64)
at java.base/jdk.internal.reflect.DelegatingMethodAccessorImpl.invoke(DelegatingMethodAccessorImpl.java:43)
at java.base/java.lang.reflect.Method.invoke(Method.java:564)
at org.testng.internal.invokers.MethodInvocationHelper.invokeMethod(MethodInvocationHelper.java:139)
at org.testng.internal.invokers.TestInvoker.invokeMethod(TestInvoker.java:677)
at org.testng.internal.invokers.TestInvoker.invokeTestMethod(TestInvoker.java:221)
at org.testng.internal.invokers.MethodRunner.runInSequence(MethodRunner.java:50)
at org.testng.internal.invokers.TestInvoker$MethodInvocationAgent.invoke(TestInvoker.java:962)
at org.testng.internal.invokers.TestInvoker.invokeTestMethods(TestInvoker.java:194)
at org.testng.internal.invokers.TestMethodWorker.invokeTestMethods(TestMethodWorker.java:148)
at org.testng.internal.invokers.TestMethodWorker.run(TestMethodWorker.java:128)
at java.base/java.util.ArrayList.forEach(ArrayList.java:1511)
at org.testng.TestRunner.privateRun(TestRunner.java:806)
at org.testng.TestRunner.run(TestRunner.java:601)
at org.testng.SuiteRunner.runTest(SuiteRunner.java:433)
at org.testng.SuiteRunner.runSequentially(SuiteRunner.java:427)
at org.testng.SuiteRunner.privateRun(SuiteRunner.java:387)
at org.testng.SuiteRunner.run(SuiteRunner.java:330)
at org.testng.SuiteRunnerWorker.runSuite(SuiteRunnerWorker.java:52)
at org.testng.SuiteRunnerWorker.run(SuiteRunnerWorker.java:95)
at org.testng.TestNG.runSuitesSequentially(TestNG.java:1256)
at org.testng.TestNG.runSuitesLocally(TestNG.java:1176)
at org.testng.TestNG.runSuites(TestNG.java:1099)
at org.testng.TestNG.run(TestNG.java:1067)
at org.testng.remote.AbstractRemoteTestNG.run(AbstractRemoteTestNG.java:115)
at org.testng.remote.RemoteTestNG.initAndRun(RemoteTestNG.java:251)
at org.testng.remote.RemoteTestNG.main(RemoteTestNG.java:77)
Caused by: org.openqa.selenium.WebDriverException: An unknown server-side error occurred while processing the command. Original error: Can't stop process; it's not currently running (cmd: ''C:\\Users\\Sagar Paulkar\\Downloads\\chromedriver_win32 (2)' --port\=8000 --adb-port\=5037 --verbose')
Build info: version: '4.6.0', revision: '79f1c02ae20'
System info: os.name: 'Windows 10', os.arch: 'amd64', os.version: '10.0', java.version: '15.0.1'
Driver info: io.appium.java_client.android.AndroidDriver
Command: [25589983-a649-49f1-a0af-ddb72169b98d, switchToContext {name=WEBVIEW_com.androidsample.generalstore}]
Capabilities {appium:app: C:\Users\Sagar Paulkar\Docu..., appium:appPackage: com.androidsample.generalstore, appium:automationName: UIAutomator2, appium:chromedriverExecutable: C:\Users\Sagar Paulkar\Down..., appium:databaseEnabled: false, appium:desired: {app: C:\Users\Sagar Paulkar\Docu..., automationName: UIAutomator2, chromedriverExecutable: C:\Users\Sagar Paulkar\Down..., deviceName: Sagaremulator, platformName: android}, appium:deviceApiLevel: 22, appium:deviceManufacturer: unknown, appium:deviceModel: Android SDK built for x86, appium:deviceName: emulator-5554, appium:deviceScreenDensity: 320, appium:deviceScreenSize: 768x1280, appium:deviceUDID: emulator-5554, appium:javascriptEnabled: true, appium:locationContextEnabled: false, appium:networkConnectionEnabled: true, appium:pixelRatio: 2, appium:platformVersion: 5.1.1, appium:statBarHeight: 50, appium:takesScreenshot: true, appium:viewportRect: {height: 1134, left: 0, top: 50, width: 768}, appium:warnings: {}, appium:webStorageEnabled: false, platformName: ANDROID}
Session ID: 25589983-a649-49f1-a0af-ddb72169b98d
at java.base/jdk.internal.reflect.NativeConstructorAccessorImpl.newInstance0(Native Method)
at java.base/jdk.internal.reflect.NativeConstructorAccessorImpl.newInstance(NativeConstructorAccessorImpl.java:64)
at java.base/jdk.internal.reflect.DelegatingConstructorAccessorImpl.newInstance(DelegatingConstructorAccessorImpl.java:45)
at java.base/java.lang.reflect.Constructor.newInstanceWithCaller(Constructor.java:500)
at java.base/java.lang.reflect.Constructor.newInstance(Constructor.java:481)
at org.openqa.selenium.remote.codec.w3c.W3CHttpResponseCodec.createException(W3CHttpResponseCodec.java:200)
at org.openqa.selenium.remote.codec.w3c.W3CHttpResponseCodec.decode(W3CHttpResponseCodec.java:133)
at org.openqa.selenium.remote.codec.w3c.W3CHttpResponseCodec.decode(W3CHttpResponseCodec.java:53)
at org.openqa.selenium.remote.HttpCommandExecutor.execute(HttpCommandExecutor.java:184)
at io.appium.java_client.remote.AppiumCommandExecutor.execute(AppiumCommandExecutor.java:262)
at org.openqa.selenium.remote.RemoteWebDriver.execute(RemoteWebDriver.java:541)
at org.openqa.selenium.remote.RemoteWebDriver.execute(RemoteWebDriver.java:596)
at io.appium.java_client.AppiumDriver.execute(AppiumDriver.java:267)
at io.appium.java_client.remote.SupportsContextSwitching.context(SupportsContextSwitching.java:45)
... 29 more
]]>
    </error>
  </testcase> <!-- fillForm -->
  <system-out/>
</testsuite> <!-- QA.Appium.eCommerce_tc_Hybrid -->
