<?xml version="1.0" encoding="UTF-8"?>
<!-- Generated by org.testng.reporters.JUnitReportReporter -->
<testsuite hostname="DESKTOP-1UIQG5E" failures="0" tests="1" name="QA.Appium.ScrollDemo" time="25.488" errors="0" timestamp="2022-12-18T13:46:42 IST" skipped="0">
  <testcase classname="QA.Appium.ScrollDemo" name="scrollDemoTest" time="25.488"/>
  <system-out/>
</testsuite> <!-- QA.Appium.ScrollDemo -->
